
 HC AEROSOL PARAMETERS

    Z        AERSOL     RPAR      RFRAC      WFALL     TAUSED    TAUEDD    TAUC      CONVER
  2.500E+04 3.503E-18 1.300E-07 1.300E-07 1.097E-06 6.996E+11 5.891E+06 7.258E+26 6.985E+01
  1.250E+05 3.770E-18 1.300E-07 1.300E-07 1.243E-06 6.052E+11 5.662E+06 6.812E+26 6.985E+01
  2.250E+05 4.829E-18 1.300E-07 1.300E-07 1.413E-06 5.212E+11 5.421E+06 5.376E+26 6.985E+01
  3.250E+05 6.392E-18 1.300E-07 1.300E-07 1.610E-06 4.471E+11 5.184E+06 4.107E+26 6.985E+01
  4.250E+05 8.286E-18 1.300E-07 1.300E-07 1.842E-06 3.811E+11 4.926E+06 3.209E+26 6.985E+01
  5.250E+05 1.044E-17 1.300E-07 1.300E-07 2.114E-06 3.223E+11 4.643E+06 2.585E+26 6.985E+01
  6.250E+05 1.280E-17 1.300E-07 1.300E-07 2.438E-06 2.701E+11 4.337E+06 2.144E+26 6.985E+01
  7.250E+05 1.533E-17 1.300E-07 1.300E-07 2.829E-06 2.240E+11 4.014E+06 1.825E+26 6.985E+01
  8.250E+05 1.798E-17 1.300E-07 1.300E-07 3.306E-06 1.836E+11 3.686E+06 1.590E+26 6.985E+01
  9.250E+05 2.062E-17 1.300E-07 1.300E-07 3.897E-06 1.488E+11 3.361E+06 1.418E+26 6.985E+01
  1.025E+06 2.373E-17 1.300E-07 1.300E-07 4.639E-06 1.190E+11 3.809E+06 1.263E+26 6.985E+01
  1.125E+06 3.090E-17 1.300E-07 1.300E-07 5.572E-06 9.623E+10 9.583E+06 9.841E+25 6.985E+01
  1.225E+06 5.068E-17 1.300E-07 1.300E-07 6.705E-06 7.948E+10 1.670E+07 6.019E+25 6.985E+01
  1.325E+06 8.849E-17 1.300E-07 1.300E-07 8.079E-06 6.552E+10 3.502E+07 3.459E+25 6.985E+01
  1.425E+06 1.545E-16 1.300E-07 1.300E-07 9.748E-06 5.387E+10 4.754E+07 1.989E+25 6.985E+01
  1.525E+06 2.318E-16 1.300E-07 1.300E-07 1.178E-05 4.417E+10 5.888E+07 1.331E+25 6.985E+01
  1.625E+06 3.169E-16 1.300E-07 1.300E-07 1.427E-05 3.614E+10 6.644E+07 9.788E+24 6.985E+01
  1.725E+06 3.973E-16 1.300E-07 1.300E-07 1.731E-05 2.950E+10 6.681E+07 7.846E+24 6.985E+01
  1.825E+06 4.648E-16 1.300E-07 1.300E-07 2.104E-05 2.402E+10 6.547E+07 6.740E+24 6.985E+01
  1.925E+06 5.170E-16 1.300E-07 1.300E-07 2.562E-05 1.951E+10 6.097E+07 6.091E+24 6.985E+01
  2.025E+06 5.487E-16 1.300E-07 1.300E-07 3.128E-05 1.581E+10 5.317E+07 5.771E+24 6.985E+01
  2.125E+06 5.613E-16 1.300E-07 1.300E-07 3.827E-05 1.278E+10 4.691E+07 5.672E+24 6.985E+01
  2.225E+06 5.587E-16 1.300E-07 1.300E-07 4.693E-05 1.031E+10 4.037E+07 5.730E+24 6.985E+01
  2.325E+06 5.437E-16 1.300E-07 1.300E-07 5.768E-05 8.301E+09 3.473E+07 5.919E+24 6.985E+01
  2.425E+06 5.202E-16 1.300E-07 1.300E-07 7.104E-05 6.668E+09 2.992E+07 6.219E+24 6.985E+01
  2.525E+06 4.910E-16 1.300E-07 1.300E-07 8.769E-05 5.346E+09 2.586E+07 6.624E+24 6.985E+01
  2.625E+06 4.584E-16 1.300E-07 1.300E-07 1.085E-04 4.283E+09 2.271E+07 7.128E+24 6.985E+01
  2.725E+06 4.244E-16 1.300E-07 1.300E-07 1.343E-04 3.431E+09 2.005E+07 7.728E+24 6.985E+01
  2.825E+06 3.899E-16 1.300E-07 1.300E-07 1.666E-04 2.750E+09 1.750E+07 8.438E+24 6.985E+01
  2.925E+06 3.569E-16 1.300E-07 1.300E-07 2.069E-04 2.203E+09 1.597E+07 9.243E+24 6.985E+01
  3.025E+06 3.269E-16 1.300E-07 1.300E-07 2.573E-04 1.759E+09 1.431E+07 1.013E+25 6.985E+01
  3.125E+06 2.988E-16 1.300E-07 1.300E-07 3.206E-04 1.398E+09 1.255E+07 1.113E+25 6.985E+01
  3.225E+06 2.727E-16 1.300E-07 1.300E-07 4.006E-04 1.106E+09 1.128E+07 1.227E+25 6.985E+01
  3.325E+06 2.485E-16 1.300E-07 1.300E-07 5.019E-04 8.727E+08 1.010E+07 1.354E+25 6.985E+01
  3.425E+06 2.257E-16 1.300E-07 1.300E-07 6.303E-04 6.874E+08 8.939E+06 1.499E+25 6.985E+01
  3.525E+06 2.042E-16 1.300E-07 1.300E-07 7.933E-04 5.411E+08 8.010E+06 1.665E+25 6.985E+01
  3.625E+06 1.837E-16 1.300E-07 1.300E-07 9.996E-04 4.265E+08 6.990E+06 1.856E+25 6.985E+01
  3.725E+06 1.642E-16 1.300E-07 1.300E-07 1.260E-03 3.375E+08 6.234E+06 2.080E+25 6.985E+01
  3.825E+06 1.462E-16 1.300E-07 1.300E-07 1.586E-03 2.687E+08 5.677E+06 2.333E+25 6.985E+01
  3.925E+06 1.297E-16 1.300E-07 1.300E-07 1.992E-03 2.156E+08 5.123E+06 2.620E+25 6.985E+01
  4.025E+06 1.151E-16 1.300E-07 1.300E-07 2.496E-03 1.738E+08 4.705E+06 2.938E+25 6.985E+01
  4.125E+06 1.025E-16 1.300E-07 1.300E-07 3.119E-03 1.406E+08 4.368E+06 3.283E+25 6.985E+01
  4.225E+06 9.164E-17 1.300E-07 1.300E-07 3.891E-03 1.137E+08 3.993E+06 3.654E+25 6.985E+01
  4.325E+06 8.222E-17 1.300E-07 1.300E-07 4.847E-03 9.186E+07 3.604E+06 4.059E+25 6.985E+01
  4.425E+06 7.389E-17 1.300E-07 1.300E-07 6.034E-03 7.406E+07 3.221E+06 4.508E+25 6.985E+01
  4.525E+06 6.656E-17 1.300E-07 1.300E-07 7.509E-03 5.963E+07 2.993E+06 5.000E+25 6.985E+01
  4.625E+06 5.995E-17 1.300E-07 1.300E-07 9.342E-03 4.801E+07 2.646E+06 5.547E+25 6.985E+01
  4.725E+06 5.385E-17 1.300E-07 1.300E-07 1.161E-02 3.870E+07 2.406E+06 6.168E+25 6.985E+01
  4.825E+06 4.836E-17 1.300E-07 1.300E-07 1.443E-02 3.126E+07 2.211E+06 6.857E+25 6.985E+01
  4.925E+06 4.342E-17 1.300E-07 1.300E-07 1.791E-02 2.528E+07 2.009E+06 7.623E+25 6.985E+01
  5.025E+06 3.899E-17 1.300E-07 1.300E-07 2.221E-02 2.046E+07 1.842E+06 8.474E+25 6.985E+01
  5.125E+06 3.505E-17 1.300E-07 1.300E-07 2.752E-02 1.656E+07 1.702E+06 9.411E+25 6.985E+01
  5.225E+06 3.154E-17 1.300E-07 1.300E-07 3.408E-02 1.341E+07 1.572E+06 1.045E+26 6.985E+01
  5.325E+06 2.837E-17 1.300E-07 1.300E-07 4.218E-02 1.087E+07 1.447E+06 1.160E+26 6.985E+01
  5.425E+06 2.548E-17 1.300E-07 1.300E-07 5.215E-02 8.823E+06 1.323E+06 1.288E+26 6.985E+01
  5.525E+06 2.285E-17 1.300E-07 1.300E-07 6.443E-02 7.165E+06 1.197E+06 1.434E+26 6.985E+01
  5.625E+06 2.048E-17 1.300E-07 1.300E-07 7.959E-02 5.806E+06 1.067E+06 1.600E+26 6.985E+01
  5.725E+06 1.832E-17 1.300E-07 1.300E-07 9.838E-02 4.683E+06 9.359E+05 1.790E+26 6.985E+01
  5.825E+06 1.630E-17 1.300E-07 1.300E-07 1.217E-01 3.771E+06 8.128E+05 2.016E+26 6.985E+01
  5.925E+06 1.438E-17 1.300E-07 1.300E-07 1.506E-01 3.044E+06 7.052E+05 2.287E+26 6.985E+01
  6.025E+06 1.260E-17 1.300E-07 1.300E-07 1.863E-01 2.460E+06 6.109E+05 2.610E+26 6.985E+01
  6.125E+06 1.099E-17 1.300E-07 1.300E-07 2.305E-01 1.989E+06 5.280E+05 2.993E+26 6.985E+01
  6.225E+06 9.536E-18 1.300E-07 1.300E-07 2.851E-01 1.608E+06 4.560E+05 3.449E+26 6.985E+01
  6.325E+06 8.240E-18 1.300E-07 1.300E-07 3.526E-01 1.300E+06 3.941E+05 3.991E+26 6.985E+01
  6.425E+06 7.092E-18 1.300E-07 1.300E-07 4.361E-01 1.051E+06 3.411E+05 4.638E+26 6.985E+01
  6.525E+06 6.080E-18 1.300E-07 1.300E-07 5.394E-01 8.499E+05 2.960E+05 5.409E+26 6.985E+01
  6.625E+06 5.193E-18 1.300E-07 1.300E-07 6.670E-01 6.873E+05 2.575E+05 6.334E+26 6.985E+01
  6.725E+06 4.415E-18 1.300E-07 1.300E-07 8.248E-01 5.558E+05 2.248E+05 7.449E+26 6.985E+01
  6.825E+06 3.733E-18 1.300E-07 1.300E-07 1.020E+00 4.495E+05 2.101E+05 8.811E+26 6.985E+01
  6.925E+06 3.139E-18 1.300E-07 1.300E-07 1.261E+00 3.636E+05 2.101E+05 1.048E+27 6.985E+01
  7.025E+06 2.608E-18 1.300E-07 1.300E-07 1.559E+00 2.941E+05 2.101E+05 1.261E+27 6.985E+01
  7.125E+06 2.119E-18 1.300E-07 1.300E-07 1.927E+00 2.379E+05 2.101E+05 1.552E+27 6.985E+01
  7.225E+06 1.667E-18 1.300E-07 1.300E-07 2.382E+00 1.924E+05 2.101E+05 1.973E+27 6.985E+01
  7.325E+06 1.255E-18 1.300E-07 1.300E-07 2.944E+00 1.557E+05 2.101E+05 2.621E+27 6.985E+01
  7.425E+06 8.930E-19 1.300E-07 1.300E-07 3.639E+00 1.260E+05 2.101E+05 3.683E+27 6.985E+01
  7.525E+06 5.939E-19 1.300E-07 1.300E-07 4.498E+00 1.019E+05 2.101E+05 5.538E+27 6.985E+01
  7.625E+06 3.651E-19 1.300E-07 1.300E-07 5.558E+00 8.248E+04 2.101E+05 9.009E+27 6.985E+01
  7.725E+06 2.054E-19 1.300E-07 1.300E-07 6.868E+00 6.674E+04 2.101E+05 1.601E+28 6.985E+01
  7.825E+06 1.052E-19 1.300E-07 1.300E-07 8.487E+00 5.401E+04 2.101E+05 3.127E+28 6.985E+01
  7.925E+06 4.914E-20 1.300E-07 1.300E-07 1.049E+01 4.372E+04 2.101E+05 6.693E+28 6.985E+01
  8.025E+06 2.134E-20 1.300E-07 1.300E-07 1.296E+01 3.538E+04 2.101E+05 1.541E+29 6.985E+01
  8.125E+06 8.950E-21 1.300E-07 1.300E-07 1.601E+01 2.864E+04 2.101E+05 3.675E+29 6.985E+01
  8.225E+06 3.792E-21 1.300E-07 1.300E-07 1.977E+01 2.319E+04 2.101E+05 8.673E+29 6.985E+01
  8.325E+06 1.665E-21 1.300E-07 1.300E-07 2.442E+01 1.877E+04 2.101E+05 1.975E+30 6.985E+01
  8.425E+06 7.553E-22 1.300E-07 1.300E-07 3.017E+01 1.520E+04 2.101E+05 4.355E+30 6.985E+01
  8.525E+06 3.496E-22 1.300E-07 1.300E-07 3.726E+01 1.230E+04 2.101E+05 9.409E+30 6.985E+01
  8.625E+06 1.639E-22 1.300E-07 1.300E-07 4.601E+01 9.963E+03 2.101E+05 2.006E+31 6.985E+01
  8.725E+06 7.767E-23 1.300E-07 1.300E-07 5.682E+01 8.067E+03 2.101E+05 4.235E+31 6.985E+01
  8.825E+06 3.714E-23 1.300E-07 1.300E-07 7.017E+01 6.533E+03 2.101E+05 8.856E+31 6.985E+01
  8.925E+06 1.791E-23 1.300E-07 1.300E-07 8.664E+01 5.291E+03 2.101E+05 1.836E+32 6.985E+01
  9.025E+06 8.714E-24 1.300E-07 1.300E-07 1.070E+02 4.285E+03 2.101E+05 3.774E+32 6.985E+01
  9.125E+06 4.277E-24 1.300E-07 1.300E-07 1.321E+02 3.471E+03 2.101E+05 7.690E+32 6.985E+01
  9.225E+06 2.119E-24 1.300E-07 1.300E-07 1.630E+02 2.812E+03 2.101E+05 1.552E+33 6.985E+01
  9.325E+06 1.060E-24 1.300E-07 1.300E-07 2.013E+02 2.278E+03 2.101E+05 3.103E+33 6.985E+01
  9.425E+06 5.352E-25 1.300E-07 1.300E-07 2.484E+02 1.845E+03 2.101E+05 6.146E+33 6.985E+01
  9.525E+06 2.720E-25 1.300E-07 1.300E-07 3.066E+02 1.495E+03 2.101E+05 1.209E+34 6.985E+01
  9.625E+06 1.379E-25 1.300E-07 1.300E-07 3.784E+02 1.211E+03 2.101E+05 2.385E+34 6.985E+01
  9.725E+06 6.830E-26 1.300E-07 1.300E-07 4.671E+02 9.815E+02 2.101E+05 4.815E+34 6.985E+01
  9.825E+06 3.134E-26 1.300E-07 1.300E-07 5.764E+02 7.954E+02 2.101E+05 1.050E+35 6.985E+01
  9.925E+06 1.129E-26 1.300E-07 1.300E-07 7.112E+02 6.446E+02 2.101E+05 2.914E+35 6.985E+01
