
 HC AEROSOL PARAMETERS

    Z        AERSOL     RPAR      RFRAC      WFALL     TAUSED    TAUEDD    TAUC      CONVER
  2.500E+04 4.563E-21 1.300E-07 1.300E-07 1.097E-06 6.996E+11 5.891E+06 5.572E+29 5.457E+01
  1.250E+05 4.084E-21 1.300E-07 1.300E-07 1.243E-06 6.052E+11 5.662E+06 6.287E+29 5.457E+01
  2.250E+05 3.653E-21 1.300E-07 1.300E-07 1.413E-06 5.212E+11 5.421E+06 7.107E+29 5.457E+01
  3.250E+05 3.259E-21 1.300E-07 1.300E-07 1.610E-06 4.471E+11 5.184E+06 8.054E+29 5.457E+01
  4.250E+05 2.908E-21 1.300E-07 1.300E-07 1.842E-06 3.811E+11 4.926E+06 9.143E+29 5.457E+01
  5.250E+05 2.595E-21 1.300E-07 1.300E-07 2.114E-06 3.223E+11 4.643E+06 1.040E+30 5.457E+01
  6.250E+05 2.315E-21 1.300E-07 1.300E-07 2.438E-06 2.701E+11 4.337E+06 1.185E+30 5.457E+01
  7.250E+05 2.064E-21 1.300E-07 1.300E-07 2.829E-06 2.240E+11 4.014E+06 1.355E+30 5.457E+01
  8.250E+05 1.836E-21 1.300E-07 1.300E-07 3.306E-06 1.836E+11 3.686E+06 1.557E+30 5.457E+01
  9.250E+05 1.627E-21 1.300E-07 1.300E-07 3.897E-06 1.488E+11 3.361E+06 1.798E+30 5.457E+01
  1.025E+06 1.434E-21 1.300E-07 1.300E-07 4.639E-06 1.190E+11 3.809E+06 2.090E+30 5.457E+01
  1.125E+06 1.230E-21 1.300E-07 1.300E-07 5.572E-06 9.623E+10 9.583E+06 2.473E+30 5.457E+01
  1.225E+06 1.028E-21 1.300E-07 1.300E-07 6.705E-06 7.948E+10 1.670E+07 2.967E+30 5.457E+01
  1.325E+06 8.591E-22 1.300E-07 1.300E-07 8.079E-06 6.552E+10 3.502E+07 3.563E+30 5.457E+01
  1.425E+06 7.177E-22 1.300E-07 1.300E-07 9.748E-06 5.387E+10 4.754E+07 4.282E+30 5.457E+01
  1.525E+06 5.993E-22 1.300E-07 1.300E-07 1.178E-05 4.417E+10 5.888E+07 5.151E+30 5.457E+01
  1.625E+06 4.999E-22 1.300E-07 1.300E-07 1.427E-05 3.614E+10 6.644E+07 6.205E+30 5.457E+01
  1.725E+06 4.163E-22 1.300E-07 1.300E-07 1.731E-05 2.950E+10 6.681E+07 7.486E+30 5.457E+01
  1.825E+06 3.462E-22 1.300E-07 1.300E-07 2.104E-05 2.402E+10 6.547E+07 9.049E+30 5.457E+01
  1.925E+06 2.875E-22 1.300E-07 1.300E-07 2.562E-05 1.951E+10 6.097E+07 1.096E+31 5.457E+01
  2.025E+06 2.383E-22 1.300E-07 1.300E-07 3.128E-05 1.581E+10 5.317E+07 1.329E+31 5.457E+01
  2.125E+06 1.971E-22 1.300E-07 1.300E-07 3.827E-05 1.278E+10 4.691E+07 1.616E+31 5.457E+01
  2.225E+06 1.626E-22 1.300E-07 1.300E-07 4.693E-05 1.031E+10 4.037E+07 1.968E+31 5.457E+01
  2.325E+06 1.339E-22 1.300E-07 1.300E-07 5.768E-05 8.301E+09 3.473E+07 2.403E+31 5.457E+01
  2.425E+06 1.100E-22 1.300E-07 1.300E-07 7.104E-05 6.668E+09 2.992E+07 2.941E+31 5.457E+01
  2.525E+06 9.017E-23 1.300E-07 1.300E-07 8.769E-05 5.346E+09 2.586E+07 3.607E+31 5.457E+01
  2.625E+06 7.368E-23 1.300E-07 1.300E-07 1.085E-04 4.283E+09 2.271E+07 4.434E+31 5.457E+01
  2.725E+06 6.000E-23 1.300E-07 1.300E-07 1.343E-04 3.431E+09 2.005E+07 5.466E+31 5.457E+01
  2.825E+06 4.871E-23 1.300E-07 1.300E-07 1.666E-04 2.750E+09 1.750E+07 6.753E+31 5.457E+01
  2.925E+06 3.949E-23 1.300E-07 1.300E-07 2.069E-04 2.203E+09 1.597E+07 8.353E+31 5.457E+01
  3.025E+06 3.202E-23 1.300E-07 1.300E-07 2.573E-04 1.759E+09 1.431E+07 1.034E+32 5.457E+01
  3.125E+06 2.598E-23 1.300E-07 1.300E-07 3.206E-04 1.398E+09 1.255E+07 1.280E+32 5.457E+01
  3.225E+06 2.107E-23 1.300E-07 1.300E-07 4.006E-04 1.106E+09 1.128E+07 1.588E+32 5.457E+01
  3.325E+06 1.705E-23 1.300E-07 1.300E-07 5.019E-04 8.727E+08 1.010E+07 1.974E+32 5.457E+01
  3.425E+06 1.375E-23 1.300E-07 1.300E-07 6.303E-04 6.874E+08 8.939E+06 2.460E+32 5.457E+01
  3.525E+06 1.105E-23 1.300E-07 1.300E-07 7.933E-04 5.411E+08 8.010E+06 3.075E+32 5.457E+01
  3.625E+06 8.843E-24 1.300E-07 1.300E-07 9.996E-04 4.265E+08 6.990E+06 3.857E+32 5.457E+01
  3.725E+06 7.039E-24 1.300E-07 1.300E-07 1.260E-03 3.375E+08 6.234E+06 4.852E+32 5.457E+01
  3.825E+06 5.575E-24 1.300E-07 1.300E-07 1.586E-03 2.687E+08 5.677E+06 6.118E+32 5.457E+01
  3.925E+06 4.398E-24 1.300E-07 1.300E-07 1.992E-03 2.156E+08 5.123E+06 7.726E+32 5.457E+01
  4.025E+06 3.894E-24 1.300E-07 1.300E-07 2.496E-03 1.738E+08 4.705E+06 8.683E+32 5.457E+01
  4.125E+06 3.467E-24 1.300E-07 1.300E-07 3.119E-03 1.406E+08 4.368E+06 9.701E+32 5.457E+01
  4.225E+06 3.101E-24 1.300E-07 1.300E-07 3.891E-03 1.137E+08 3.993E+06 1.080E+33 5.457E+01
  4.325E+06 2.782E-24 1.300E-07 1.300E-07 4.847E-03 9.186E+07 3.604E+06 1.200E+33 5.457E+01
  4.425E+06 2.500E-24 1.300E-07 1.300E-07 6.034E-03 7.406E+07 3.221E+06 1.332E+33 5.457E+01
  4.525E+06 2.252E-24 1.300E-07 1.300E-07 7.509E-03 5.963E+07 2.993E+06 1.478E+33 5.457E+01
  4.625E+06 2.028E-24 1.300E-07 1.300E-07 9.342E-03 4.801E+07 2.646E+06 1.639E+33 5.457E+01
  4.725E+06 1.822E-24 1.300E-07 1.300E-07 1.161E-02 3.870E+07 2.406E+06 1.823E+33 5.457E+01
  4.825E+06 1.636E-24 1.300E-07 1.300E-07 1.443E-02 3.126E+07 2.211E+06 2.027E+33 5.457E+01
  4.925E+06 1.469E-24 1.300E-07 1.300E-07 1.791E-02 2.528E+07 2.009E+06 2.253E+33 5.457E+01
  5.025E+06 1.319E-24 1.300E-07 1.300E-07 2.221E-02 2.046E+07 1.842E+06 2.504E+33 5.457E+01
  5.125E+06 1.186E-24 1.300E-07 1.300E-07 2.752E-02 1.656E+07 1.702E+06 2.782E+33 5.457E+01
  5.225E+06 1.067E-24 1.300E-07 1.300E-07 3.408E-02 1.341E+07 1.572E+06 3.087E+33 5.457E+01
  5.325E+06 9.598E-25 1.300E-07 1.300E-07 4.218E-02 1.087E+07 1.447E+06 3.427E+33 5.457E+01
  5.425E+06 8.622E-25 1.300E-07 1.300E-07 5.215E-02 8.823E+06 1.323E+06 3.808E+33 5.457E+01
  5.525E+06 7.733E-25 1.300E-07 1.300E-07 6.443E-02 7.165E+06 1.197E+06 4.239E+33 5.457E+01
  5.625E+06 6.929E-25 1.300E-07 1.300E-07 7.959E-02 5.806E+06 1.067E+06 4.728E+33 5.457E+01
  5.725E+06 6.200E-25 1.300E-07 1.300E-07 9.838E-02 4.683E+06 9.359E+05 5.292E+33 5.457E+01
  5.825E+06 5.516E-25 1.300E-07 1.300E-07 1.217E-01 3.771E+06 8.128E+05 5.959E+33 5.457E+01
  5.925E+06 4.865E-25 1.300E-07 1.300E-07 1.506E-01 3.044E+06 7.052E+05 6.760E+33 5.457E+01
  6.025E+06 4.264E-25 1.300E-07 1.300E-07 1.863E-01 2.460E+06 6.109E+05 7.714E+33 5.457E+01
  6.125E+06 3.718E-25 1.300E-07 1.300E-07 2.305E-01 1.989E+06 5.280E+05 8.847E+33 5.457E+01
  6.225E+06 3.226E-25 1.300E-07 1.300E-07 2.851E-01 1.608E+06 4.560E+05 1.019E+34 5.457E+01
  6.325E+06 2.788E-25 1.300E-07 1.300E-07 3.526E-01 1.300E+06 3.941E+05 1.180E+34 5.457E+01
  6.425E+06 2.399E-25 1.300E-07 1.300E-07 4.361E-01 1.051E+06 3.411E+05 1.371E+34 5.457E+01
  6.525E+06 2.057E-25 1.300E-07 1.300E-07 5.394E-01 8.499E+05 2.960E+05 1.599E+34 5.457E+01
  6.625E+06 1.757E-25 1.300E-07 1.300E-07 6.670E-01 6.873E+05 2.575E+05 1.872E+34 5.457E+01
  6.725E+06 1.494E-25 1.300E-07 1.300E-07 8.248E-01 5.558E+05 2.248E+05 2.201E+34 5.457E+01
  6.825E+06 1.266E-25 1.300E-07 1.300E-07 1.020E+00 4.495E+05 2.101E+05 2.598E+34 5.457E+01
  6.925E+06 1.070E-25 1.300E-07 1.300E-07 1.261E+00 3.636E+05 2.101E+05 3.075E+34 5.457E+01
  7.025E+06 8.977E-26 1.300E-07 1.300E-07 1.559E+00 2.941E+05 2.101E+05 3.664E+34 5.457E+01
  7.125E+06 7.418E-26 1.300E-07 1.300E-07 1.927E+00 2.379E+05 2.101E+05 4.434E+34 5.457E+01
  7.225E+06 5.971E-26 1.300E-07 1.300E-07 2.382E+00 1.924E+05 2.101E+05 5.508E+34 5.457E+01
  7.325E+06 4.618E-26 1.300E-07 1.300E-07 2.944E+00 1.557E+05 2.101E+05 7.122E+34 5.457E+01
  7.425E+06 3.380E-26 1.300E-07 1.300E-07 3.639E+00 1.260E+05 2.101E+05 9.731E+34 5.457E+01
  7.525E+06 2.303E-26 1.300E-07 1.300E-07 4.498E+00 1.019E+05 2.101E+05 1.428E+35 5.457E+01
  7.625E+06 1.439E-26 1.300E-07 1.300E-07 5.558E+00 8.248E+04 2.101E+05 2.286E+35 5.457E+01
  7.725E+06 8.127E-27 1.300E-07 1.300E-07 6.868E+00 6.674E+04 2.101E+05 4.047E+35 5.457E+01
  7.825E+06 4.111E-27 1.300E-07 1.300E-07 8.487E+00 5.401E+04 2.101E+05 8.001E+35 5.457E+01
  7.925E+06 1.860E-27 1.300E-07 1.300E-07 1.049E+01 4.372E+04 2.101E+05 1.768E+36 5.457E+01
  8.025E+06 7.667E-28 1.300E-07 1.300E-07 1.296E+01 3.538E+04 2.101E+05 4.290E+36 5.457E+01
  8.125E+06 5.069E-28 1.300E-07 1.300E-07 1.601E+01 2.864E+04 2.101E+05 6.489E+36 5.457E+01
  8.225E+06 4.103E-28 1.300E-07 1.300E-07 1.977E+01 2.319E+04 2.101E+05 8.016E+36 5.457E+01
  8.325E+06 3.322E-28 1.300E-07 1.300E-07 2.442E+01 1.877E+04 2.101E+05 9.902E+36 5.457E+01
  8.425E+06 2.689E-28 1.300E-07 1.300E-07 3.017E+01 1.520E+04 2.101E+05 1.223E+37 5.457E+01
  8.525E+06 2.177E-28 1.300E-07 1.300E-07 3.726E+01 1.230E+04 2.101E+05 1.511E+37 5.457E+01
  8.625E+06 1.763E-28 1.300E-07 1.300E-07 4.601E+01 9.963E+03 2.101E+05 1.865E+37 5.457E+01
  8.725E+06 1.428E-28 1.300E-07 1.300E-07 5.682E+01 8.067E+03 2.101E+05 2.304E+37 5.457E+01
  8.825E+06 1.156E-28 1.300E-07 1.300E-07 7.017E+01 6.533E+03 2.101E+05 2.845E+37 5.457E+01
  8.925E+06 9.364E-29 1.300E-07 1.300E-07 8.664E+01 5.291E+03 2.101E+05 3.513E+37 5.457E+01
  9.025E+06 7.584E-29 1.300E-07 1.300E-07 1.070E+02 4.285E+03 2.101E+05 4.337E+37 5.457E+01
  9.125E+06 6.143E-29 1.300E-07 1.300E-07 1.321E+02 3.471E+03 2.101E+05 5.354E+37 5.457E+01
  9.225E+06 4.976E-29 1.300E-07 1.300E-07 1.630E+02 2.812E+03 2.101E+05 6.610E+37 5.457E+01
  9.325E+06 4.031E-29 1.300E-07 1.300E-07 2.013E+02 2.278E+03 2.101E+05 8.160E+37 5.457E+01
  9.425E+06 3.266E-29 1.300E-07 1.300E-07 2.484E+02 1.845E+03 2.101E+05 1.007E+38 5.457E+01
  9.525E+06 2.646E-29 1.300E-07 1.300E-07 3.066E+02 1.495E+03 2.101E+05 1.243E+38 5.457E+01
  9.625E+06 2.144E-29 1.300E-07 1.300E-07 3.784E+02 1.211E+03 2.101E+05 1.534E+38 5.457E+01
  9.725E+06 1.737E-29 1.300E-07 1.300E-07 4.671E+02 9.815E+02 2.101E+05 1.894E+38 5.457E+01
  9.825E+06 1.408E-29 1.300E-07 1.300E-07 5.764E+02 7.954E+02 2.101E+05 2.337E+38 5.457E+01
  9.925E+06 1.141E-29 1.300E-07 1.300E-07 7.112E+02 6.446E+02 2.101E+05 2.883E+38 5.457E+01
